Generated at 2014-01-25 17:50:56 +0000
Chef::Exceptions::MultipleFailures: Chef::Exceptions::MultipleFailures
/usr/lib/ruby/gems/2.1.0/gems/mixlib-shellout-1.3.0/lib/mixlib/shellout.rb:253:in `invalid!'
/usr/lib/ruby/gems/2.1.0/gems/mixlib-shellout-1.3.0/lib/mixlib/shellout.rb:239:in `error!'
/usr/lib/ruby/gems/2.1.0/gems/chef-11.8.2/lib/chef/mixin/shell_out.rb:45:in `shell_out!'
/usr/lib/ruby/gems/2.1.0/gems/chef-11.8.2/lib/chef/provider/service/init.rb:55:in `start_service'
/usr/lib/ruby/gems/2.1.0/gems/chef-11.8.2/lib/chef/provider/service.rb:90:in `block in action_start'
/usr/lib/ruby/gems/2.1.0/gems/chef-11.8.2/lib/chef/mixin/why_run.rb:52:in `call'
/usr/lib/ruby/gems/2.1.0/gems/chef-11.8.2/lib/chef/mixin/why_run.rb:52:in `add_action'
/usr/lib/ruby/gems/2.1.0/gems/chef-11.8.2/lib/chef/provider.rb:149:in `converge_by'
/usr/lib/ruby/gems/2.1.0/gems/chef-11.8.2/lib/chef/provider/service.rb:89:in `action_start'
/usr/lib/ruby/gems/2.1.0/gems/chef-11.8.2/lib/chef/provider.rb:114:in `run_action'
/usr/lib/ruby/gems/2.1.0/gems/chef-11.8.2/lib/chef/resource.rb:625:in `run_action'
/usr/lib/ruby/gems/2.1.0/gems/chef-11.8.2/lib/chef/runner.rb:49:in `run_action'
/usr/lib/ruby/gems/2.1.0/gems/chef-11.8.2/lib/chef/runner.rb:81:in `block (2 levels) in converge'
/usr/lib/ruby/gems/2.1.0/gems/chef-11.8.2/lib/chef/runner.rb:81:in `each'
/usr/lib/ruby/gems/2.1.0/gems/chef-11.8.2/lib/chef/runner.rb:81:in `block in converge'
/usr/lib/ruby/gems/2.1.0/gems/chef-11.8.2/lib/chef/resource_collection.rb:98:in `block in execute_each_resource'
/usr/lib/ruby/gems/2.1.0/gems/chef-11.8.2/lib/chef/resource_collection/stepable_iterator.rb:116:in `call'
/usr/lib/ruby/gems/2.1.0/gems/chef-11.8.2/lib/chef/resource_collection/stepable_iterator.rb:116:in `call_iterator_block'
/usr/lib/ruby/gems/2.1.0/gems/chef-11.8.2/lib/chef/resource_collection/stepable_iterator.rb:85:in `step'
/usr/lib/ruby/gems/2.1.0/gems/chef-11.8.2/lib/chef/resource_collection/stepable_iterator.rb:104:in `iterate'
/usr/lib/ruby/gems/2.1.0/gems/chef-11.8.2/lib/chef/resource_collection/stepable_iterator.rb:55:in `each_with_index'
/usr/lib/ruby/gems/2.1.0/gems/chef-11.8.2/lib/chef/resource_collection.rb:96:in `execute_each_resource'
/usr/lib/ruby/gems/2.1.0/gems/chef-11.8.2/lib/chef/runner.rb:80:in `converge'
/usr/lib/ruby/gems/2.1.0/gems/chef-11.8.2/lib/chef/client.rb:433:in `converge'
/usr/lib/ruby/gems/2.1.0/gems/chef-11.8.2/lib/chef/client.rb:500:in `do_run'
/usr/lib/ruby/gems/2.1.0/gems/chef-11.8.2/lib/chef/client.rb:199:in `block in run'
/usr/lib/ruby/gems/2.1.0/gems/chef-11.8.2/lib/chef/client.rb:193:in `fork'
/usr/lib/ruby/gems/2.1.0/gems/chef-11.8.2/lib/chef/client.rb:193:in `run'
/usr/lib/ruby/gems/2.1.0/gems/chef-11.8.2/lib/chef/application.rb:208:in `run_chef_client'
/usr/lib/ruby/gems/2.1.0/gems/chef-11.8.2/lib/chef/application/solo.rb:221:in `block in run_application'
/usr/lib/ruby/gems/2.1.0/gems/chef-11.8.2/lib/chef/application/solo.rb:213:in `loop'
/usr/lib/ruby/gems/2.1.0/gems/chef-11.8.2/lib/chef/application/solo.rb:213:in `run_application'
/usr/lib/ruby/gems/2.1.0/gems/chef-11.8.2/lib/chef/application.rb:66:in `run'
/usr/lib/ruby/gems/2.1.0/gems/chef-11.8.2/bin/chef-solo:25:in `<top (required)>'
/usr/bin/chef-solo:23:in `load'
/usr/bin/chef-solo:23:in `<main>'